[debug] [2018-06-25T01:48:30.209Z] ----------------------------------------------------------------------
[debug] [2018-06-25T01:48:30.212Z] Command:       /Users/christopherdzoba/.nvm/versions/node/v6.11.5/bin/node /Users/christopherdzoba/.nvm/versions/node/v6.11.5/bin/firebase deploy
[debug] [2018-06-25T01:48:30.212Z] CLI Version:   3.18.4
[debug] [2018-06-25T01:48:30.212Z] Platform:      darwin
[debug] [2018-06-25T01:48:30.212Z] Node Version:  v6.11.5
[debug] [2018-06-25T01:48:30.213Z] Time:          Sun Jun 24 2018 18:48:30 GMT-0700 (PDT)
[debug] [2018-06-25T01:48:30.213Z] ----------------------------------------------------------------------
[debug] 
[debug] [2018-06-25T01:48:30.230Z] > command requires scopes: ["email","openid","https://www.googleapis.com/auth/cloudplatformprojects.readonly","https://www.googleapis.com/auth/firebase","https://www.googleapis.com/auth/cloud-platform"]
[debug] [2018-06-25T01:48:30.230Z] > authorizing via signed-in user
[debug] [2018-06-25T01:48:30.233Z] >>> HTTP REQUEST GET https://admin.firebase.com/v1/projects/amentalmodel  
  
 Sun Jun 24 2018 18:48:30 GMT-0700 (PDT)
[debug] [2018-06-25T01:48:30.744Z] <<< HTTP RESPONSE 200
[debug] [2018-06-25T01:48:30.746Z] >>> HTTP REQUEST GET https://admin.firebase.com/v1/database/amentalmodel/tokens  
  
 Sun Jun 24 2018 18:48:30 GMT-0700 (PDT)
[debug] [2018-06-25T01:48:31.146Z] <<< HTTP RESPONSE 200
[info] 
[info] === Deploying to 'amentalmodel'...
[info] 
[info] i  deploying database, hosting
[info] i  database: checking rules syntax...
[debug] [2018-06-25T01:48:31.537Z] >>> HTTP REQUEST PUT https://amentalmodel.firebaseio.com/.settings/rules.json?dryRun=true  
 {
  "rules": {
    ".read": "auth != null",
    ".write": "auth != null"
  }
} 
 Sun Jun 24 2018 18:48:31 GMT-0700 (PDT)
[debug] [2018-06-25T01:48:31.882Z] <<< HTTP RESPONSE 200
[info] ✔  database: rules syntax for database amentalmodel is valid
[info] i  hosting: preparing public directory for upload...
[debug] [2018-06-25T01:48:32.098Z] >>> HTTP REQUEST PUT https://deploy.firebase.com/v1/hosting/amentalmodel/uploads/-LFocC2sySPR7Z3DFkYS?fileCount=31&message=  
  
 Sun Jun 24 2018 18:48:32 GMT-0700 (PDT)
